{"name": "fill cash deposit voucher", "status": "broken", "statusDetails": {"message": "selenium.common.exceptions.ElementNotInteractableException: Message: element not interactable\n  (Session info: chrome=116.0.5845.180)\nStacktrace:\n\tGetHandleVerifier [0x00EE37C3+48947]\n\t(No symbol) [0x00E78551]\n\t(No symbol) [0x00D7C7F0]\n\t(No symbol) [0x00DAAAC8]\n\t(No symbol) [0x00DA3420]\n\t(No symbol) [0x00DC508C]\n\t(No symbol) [0x00DA2EB6]\n\t(No symbol) [0x00DC53E4]\n\t(No symbol) [0x00DD75DA]\n\t(No symbol) [0x00DC4E86]\n\t(No symbol) [0x00DA16C7]\n\t(No symbol) [0x00DA284D]\n\tGetHandleVerifier [0x0112FDF9+2458985]\n\tGetHandleVerifier [0x0117744F+2751423]\n\tGetHandleVerifier [0x01171361+2726609]\n\tGetHandleVerifier [0x00F60680+560624]\n\t(No symbol) [0x00E8238C]\n\t(No symbol) [0x00E7E268]\n\t(No symbol) [0x00E7E392]\n\t(No symbol) [0x00E710B7]\n\tBaseThreadInitThunk [0x757C00C9+25]\n\tRtlGetAppContainerNamedObjectPath [0x778D7B1E+286]\n\tRtlGetAppContainerNamedObjectPath [0x778D7AEE+238]\n\n", "trace": "  File \"C:\\Users\\Shantanu\\PycharmProjects\\Connectone\\venv-1\\Lib\\site-packages\\behave\\model.py\", line 1329, in run\n    match.run(runner.context)\n  File \"C:\\Users\\Shantanu\\PycharmProjects\\Connectone\\venv-1\\Lib\\site-packages\\behave\\matchers.py\", line 98, in run\n    self.func(context, *args, **kwargs)\n  File \"features\\steps\\steps_deposit.py\", line 404, in step_impl\n    purpose_option.click()\n  File \"C:\\Users\\Shantanu\\PycharmProjects\\Connectone\\venv-1\\Lib\\site-packages\\selenium\\webdriver\\remote\\webelement.py\", line 94, in click\n    self._execute(Command.CLICK_ELEMENT)\n  File \"C:\\Users\\Shantanu\\PycharmProjects\\Connectone\\venv-1\\Lib\\site-packages\\selenium\\webdriver\\remote\\webelement.py\", line 404, in _execute\n    return self._parent.execute(command, params)\n           ^^^^^^^^^^^^^^^^^^^^^^^^^^^^^^^^^^^^^\n  File \"C:\\Users\\Shantanu\\PycharmProjects\\Connectone\\venv-1\\Lib\\site-packages\\selenium\\webdriver\\remote\\webdriver.py\", line 440, in execute\n    self.error_handler.check_response(response)\n  File \"C:\\Users\\Shantanu\\PycharmProjects\\Connectone\\venv-1\\Lib\\site-packages\\selenium\\webdriver\\remote\\errorhandler.py\", line 245, in check_response\n    raise exception_class(message, screen, stacktrace)\n"}, "steps": [{"name": "Given initial details", "status": "passed", "start": 1694242250989, "stop": 1694242266431}, {"name": "Then user name", "status": "passed", "start": 1694242266432, "stop": 1694242266998}, {"name": "When password", "status": "passed", "start": 1694242266999, "stop": 1694242267313}, {"name": "And Click on login", "status": "passed", "start": 1694242267313, "stop": 1694242267755}, {"name": "Then select institute", "status": "passed", "start": 1694242267756, "stop": 1694242272774}, {"name": "And select center", "status": "passed", "start": 1694242272776, "stop": 1694242277352}, {"name": "Then go to Voucher entries in Accounts", "status": "passed", "start": 1694242277352, "stop": 1694242291230}, {"name": "Then select cash deposit", "status": "passed", "start": 1694242291230, "stop": 1694242293246}, {"name": "Then check mandatory option for Cash Deposited", "status": "passed", "start": 1694242293247, "stop": 1694242299660}, {"name": "When enter Currency Denomination Details", "status": "passed", "start": 1694242299662, "stop": 1694242304833}, {"name": "Then check mandatory option for Voucher date", "status": "passed", "start": 1694242304841, "stop": 1694242305193}, {"name": "Then check previous year date", "status": "passed", "start": 1694242305193, "stop": 1694242306505}, {"name": "And add current year date", "status": "passed", "start": 1694242306505, "stop": 1694242307965}, {"name": "Then check mandatory option for bank name", "status": "passed", "start": 1694242307965, "stop": 1694242308447}, {"name": "And add bank details", "status": "passed", "start": 1694242308447, "stop": 1694242309033}, {"name": "Then check mandatory option for purpose", "status": "passed", "start": 1694242309033, "stop": 1694242309313}, {"name": "And add purpose details", "status": "broken", "statusDetails": {"message": "selenium.common.exceptions.ElementNotInteractableException: Message: element not interactable\n  (Session info: chrome=116.0.5845.180)\nStacktrace:\n\tGetHandleVerifier [0x00EE37C3+48947]\n\t(No symbol) [0x00E78551]\n\t(No symbol) [0x00D7C7F0]\n\t(No symbol) [0x00DAAAC8]\n\t(No symbol) [0x00DA3420]\n\t(No symbol) [0x00DC508C]\n\t(No symbol) [0x00DA2EB6]\n\t(No symbol) [0x00DC53E4]\n\t(No symbol) [0x00DD75DA]\n\t(No symbol) [0x00DC4E86]\n\t(No symbol) [0x00DA16C7]\n\t(No symbol) [0x00DA284D]\n\tGetHandleVerifier [0x0112FDF9+2458985]\n\tGetHandleVerifier [0x0117744F+2751423]\n\tGetHandleVerifier [0x01171361+2726609]\n\tGetHandleVerifier [0x00F60680+560624]\n\t(No symbol) [0x00E8238C]\n\t(No symbol) [0x00E7E268]\n\t(No symbol) [0x00E7E392]\n\t(No symbol) [0x00E710B7]\n\tBaseThreadInitThunk [0x757C00C9+25]\n\tRtlGetAppContainerNamedObjectPath [0x778D7B1E+286]\n\tRtlGetAppContainerNamedObjectPath [0x778D7AEE+238]\n\n", "trace": "  File \"C:\\Users\\Shantanu\\PycharmProjects\\Connectone\\venv-1\\Lib\\site-packages\\behave\\model.py\", line 1329, in run\n    match.run(runner.context)\n  File \"C:\\Users\\Shantanu\\PycharmProjects\\Connectone\\venv-1\\Lib\\site-packages\\behave\\matchers.py\", line 98, in run\n    self.func(context, *args, **kwargs)\n  File \"features\\steps\\steps_deposit.py\", line 404, in step_impl\n    purpose_option.click()\n  File \"C:\\Users\\Shantanu\\PycharmProjects\\Connectone\\venv-1\\Lib\\site-packages\\selenium\\webdriver\\remote\\webelement.py\", line 94, in click\n    self._execute(Command.CLICK_ELEMENT)\n  File \"C:\\Users\\Shantanu\\PycharmProjects\\Connectone\\venv-1\\Lib\\site-packages\\selenium\\webdriver\\remote\\webelement.py\", line 404, in _execute\n    return self._parent.execute(command, params)\n           ^^^^^^^^^^^^^^^^^^^^^^^^^^^^^^^^^^^^^\n  File \"C:\\Users\\Shantanu\\PycharmProjects\\Connectone\\venv-1\\Lib\\site-packages\\selenium\\webdriver\\remote\\webdriver.py\", line 440, in execute\n    self.error_handler.check_response(response)\n  File \"C:\\Users\\Shantanu\\PycharmProjects\\Connectone\\venv-1\\Lib\\site-packages\\selenium\\webdriver\\remote\\errorhandler.py\", line 245, in check_response\n    raise exception_class(message, screen, stacktrace)\n"}, "start": 1694242309313, "stop": 1694242329897}, {"name": "Then save form", "status": "skipped", "start": 1694242329904, "stop": 1694242329904}], "start": 1694242250989, "stop": 1694242329904, "uuid": "978201b5-3a3c-4c28-a35f-2f6260e19ccd", "historyId": "232f2cbdeb28043856ddf3e589f5d73e", "fullName": "Login and perform actions on the website: fill cash deposit voucher", "labels": [{"name": "severity", "value": "normal"}, {"name": "feature", "value": "Login and perform actions on the website"}, {"name": "framework", "value": "behave"}, {"name": "language", "value": "cpython3"}]}